INFO-FLOW: Workspace /home/skwan/vivado/phase2_bjets_hls/solution1 opened at Thu Sep 06 16:59:16 EDT 2018
Execute     config_clock -quiet -name default -period 3.125 -default=false 
INFO: [SYN 201-201] Setting up clock 'default' with a period of 3.125ns.
Execute     open_platform DefaultPlatform 
Execute     import_lib /opt/Xilinx/Vivado/2018.2/common/technology/xilinx/virtexuplus/virtexuplus 
Execute       source /opt/Xilinx/Vivado/2018.2/common/technology/xilinx/common/xilinx.lib 
Execute         source /opt/Xilinx/Vivado/2018.2/common/technology/xilinx/interface/xilinx_interface.lib 
Execute           source /opt/Xilinx/Vivado/2018.2/common/technology/xilinx/interface/plb46.lib 
Execute           source /opt/Xilinx/Vivado/2018.2/common/technology/xilinx/interface/fsl.lib 
Execute           source /opt/Xilinx/Vivado/2018.2/common/technology/xilinx/interface/axi4.lib 
Execute           source /opt/Xilinx/Vivado/2018.2/common/technology/xilinx/interface/maxi.lib 
Execute           source /opt/Xilinx/Vivado/2018.2/common/technology/xilinx/interface/saxilite.lib 
Execute         source /opt/Xilinx/Vivado/2018.2/common/technology/xilinx/common/dsp48.lib 
Execute         source /opt/Xilinx/Vivado/2018.2/common/technology/xilinx/ip/dds_compiler.lib 
Execute         source /opt/Xilinx/Vivado/2018.2/common/technology/xilinx/ip/xfft.lib 
Execute         source /opt/Xilinx/Vivado/2018.2/common/technology/xilinx/ip/xfir.lib 
Execute       source /opt/Xilinx/Vivado/2018.2/common/technology/xilinx/common/xilinx_old.lib 
Execute       source /opt/Xilinx/Vivado/2018.2/common/technology/xilinx/common/xilinx_vivado.lib 
Execute       source /opt/Xilinx/Vivado/2018.2/common/technology/xilinx/common/xilinx.hlp 
Execute         source /opt/Xilinx/Vivado/2018.2/common/technology/xilinx/common/target_info.tcl 
Execute         source /opt/Xilinx/Vivado/2018.2/common/technology/xilinx/interface/xilinx_interface.hlp 
Execute           source /opt/Xilinx/Vivado/2018.2/common/technology/xilinx/interface/maxi.hlp 
Execute           source /opt/Xilinx/Vivado/2018.2/common/technology/xilinx/interface/saxilite.hlp 
Execute         source /opt/Xilinx/Vivado/2018.2/common/technology/xilinx/common/dsp48.hlp 
Execute       source /opt/Xilinx/Vivado/2018.2/common/technology/xilinx/virtexuplus/dsp48e2.hlp 
Execute       get_default_platform 
Execute       config_chip_info -quiet -resource  {SLICE 98520}  {LUT 788160}    {FF 1576320} {DSP48E 4560}  {BRAM 2880} {URAM 640}  
Execute       config_chip_info -quiet -speed medium 
Execute       source /opt/Xilinx/Vivado/2018.2/common/technology/xilinx/common/xilinx.hlp 
Execute         source /opt/Xilinx/Vivado/2018.2/common/technology/xilinx/common/target_info.tcl 
Execute         source /opt/Xilinx/Vivado/2018.2/common/technology/xilinx/interface/xilinx_interface.hlp 
Execute           source /opt/Xilinx/Vivado/2018.2/common/technology/xilinx/interface/maxi.hlp 
Execute           source /opt/Xilinx/Vivado/2018.2/common/technology/xilinx/interface/saxilite.hlp 
Execute         source /opt/Xilinx/Vivado/2018.2/common/technology/xilinx/common/dsp48.hlp 
Execute     source /opt/Xilinx/Vivado/2018.2/common/technology/xilinx/virtexuplus/virtexuplus.gen 
Execute       source /opt/Xilinx/Vivado/2018.2/common/technology/xilinx/common/virtex.gen 
Execute         source /opt/Xilinx/Vivado/2018.2/common/technology/xilinx/common/xilinx.gen 
Execute           source /opt/Xilinx/Vivado/2018.2/common/technology/xilinx/interface/plb46.gen 
Execute           source /opt/Xilinx/Vivado/2018.2/common/technology/xilinx/interface/fsl.gen 
Execute           source /opt/Xilinx/Vivado/2018.2/common/technology/xilinx/interface/axi4.gen 
Execute           source /opt/Xilinx/Vivado/2018.2/common/technology/xilinx/interface/nativeAXI4.gen 
Execute             source /opt/Xilinx/Vivado/2018.2/common/technology/xilinx/interface/saxilite.gen 
Execute             source /opt/Xilinx/Vivado/2018.2/common/technology/xilinx/interface/maxi.gen 
Execute           source /opt/Xilinx/Vivado/2018.2/common/technology/xilinx/scripts/xilinxcoregen.gen 
Execute           source /opt/Xilinx/Vivado/2018.2/common/technology/xilinx/interface/XilEDKCoreGen.gen 
Execute           source /opt/Xilinx/Vivado/2018.2/common/technology/xilinx/ip/dds_compiler.gen 
Execute           source /opt/Xilinx/Vivado/2018.2/common/technology/xilinx/ip/util.gen 
Execute           source /opt/Xilinx/Vivado/2018.2/common/technology/xilinx/ip/xfft.gen 
Command           ap_source done; 0.12 sec.
Execute           source /opt/Xilinx/Vivado/2018.2/common/technology/xilinx/ip/xfir.gen 
Command         ap_source done; 0.18 sec.
Execute         source /opt/Xilinx/Vivado/2018.2/common/technology/xilinx/common/dsp48.gen 
Command       ap_source done; 0.18 sec.
Command     ap_source done; 0.18 sec.
Execute     set_part xcvu9p-flgc2104-2-i 
Execute       add_library xilinx/virtexuplus/virtexuplus:xcvu9p:-flgc2104:-2-i 
Execute         get_default_platform 
Execute         license_isbetapart xcvu9p 
Command         license_isbetapart done; error code: 1; 
Execute         get_default_platform 
Execute         config_chip_info -quiet -resource  {SLICE 147780} {LUT 1182240}   {FF 2364480} {DSP48E 6840}  {BRAM 4320} {URAM 960}  
Execute         config_chip_info -quiet -speed medium 
Execute       add_library xilinx/virtexuplus/virtexuplus_fpv7 
Execute         get_default_platform 
Execute         open_platform DefaultPlatform 
Execute         import_lib /opt/Xilinx/Vivado/2018.2/common/technology/xilinx/virtexuplus/virtexuplus_fpv7 
Execute           source /opt/Xilinx/Vivado/2018.2/common/technology/xilinx/common/xilinx_fpv7.lib 
Execute             source /opt/Xilinx/Vivado/2018.2/common/technology/xilinx/common/xilinx_hp.lib 
Execute           source /opt/Xilinx/Vivado/2018.2/common/technology/xilinx/common/xilinx_fpv.hlp 
Execute             source /opt/Xilinx/Vivado/2018.2/common/technology/xilinx/common/xilinx.hlp 
Execute               source /opt/Xilinx/Vivado/2018.2/common/technology/xilinx/common/target_info.tcl 
Execute               source /opt/Xilinx/Vivado/2018.2/common/technology/xilinx/interface/xilinx_interface.hlp 
Execute                 source /opt/Xilinx/Vivado/2018.2/common/technology/xilinx/interface/maxi.hlp 
Execute                 source /opt/Xilinx/Vivado/2018.2/common/technology/xilinx/interface/saxilite.hlp 
Execute               source /opt/Xilinx/Vivado/2018.2/common/technology/xilinx/common/dsp48.hlp 
Execute           source /opt/Xilinx/Vivado/2018.2/common/technology/xilinx/virtexuplus/virtexuplus_hp.hlp 
Execute         source /opt/Xilinx/Vivado/2018.2/common/technology/xilinx/virtexuplus/virtexuplus_fpv7.gen 
Execute           source /opt/Xilinx/Vivado/2018.2/common/technology/xilinx/common/xilinx_fpv6.gen 
INFO: [HLS 200-10] Setting target device to 'xcvu9p-flgc2104-2-i'
Execute       get_default_platform 
Command     set_part done; 0.12 sec.
Execute     get_default_platform 
Execute     config_chip_info -quiet -resource  {SLICE 147780} {LUT 1182240}   {FF 2364480} {DSP48E 6840}  {BRAM 4320} {URAM 960}  
Execute     config_chip_info -quiet -speed medium 
Command   open_solution done; 0.37 sec.
Execute   set_part xcvu9p-flgc2104-2-i 
Execute     add_library xilinx/virtexuplus/virtexuplus:xcvu9p:-flgc2104:-2-i 
Execute       get_default_platform 
Execute       license_isbetapart xcvu9p 
Command       license_isbetapart done; error code: 1; 
Execute       get_default_platform 
Execute       config_chip_info -quiet -resource  {SLICE 147780} {LUT 1182240}   {FF 2364480} {DSP48E 6840}  {BRAM 4320} {URAM 960}  
Execute       config_chip_info -quiet -speed medium 
Execute     add_library xilinx/virtexuplus/virtexuplus_fpv7 
Execute       get_default_platform 
Execute       open_platform DefaultPlatform 
Execute       import_lib /opt/Xilinx/Vivado/2018.2/common/technology/xilinx/virtexuplus/virtexuplus_fpv7 
Execute         source /opt/Xilinx/Vivado/2018.2/common/technology/xilinx/common/xilinx_fpv7.lib 
Execute           source /opt/Xilinx/Vivado/2018.2/common/technology/xilinx/common/xilinx_hp.lib 
Execute         source /opt/Xilinx/Vivado/2018.2/common/technology/xilinx/common/xilinx_fpv.hlp 
Execute           source /opt/Xilinx/Vivado/2018.2/common/technology/xilinx/common/xilinx.hlp 
Execute             source /opt/Xilinx/Vivado/2018.2/common/technology/xilinx/common/target_info.tcl 
Execute             source /opt/Xilinx/Vivado/2018.2/common/technology/xilinx/interface/xilinx_interface.hlp 
Execute               source /opt/Xilinx/Vivado/2018.2/common/technology/xilinx/interface/maxi.hlp 
Execute               source /opt/Xilinx/Vivado/2018.2/common/technology/xilinx/interface/saxilite.hlp 
Execute             source /opt/Xilinx/Vivado/2018.2/common/technology/xilinx/common/dsp48.hlp 
Execute         source /opt/Xilinx/Vivado/2018.2/common/technology/xilinx/virtexuplus/virtexuplus_hp.hlp 
Execute       source /opt/Xilinx/Vivado/2018.2/common/technology/xilinx/virtexuplus/virtexuplus_fpv7.gen 
Execute         source /opt/Xilinx/Vivado/2018.2/common/technology/xilinx/common/xilinx_fpv6.gen 
Execute     get_default_platform 
Execute   create_clock -period 3.125 -name default 
Execute   csynth_design 
Execute     get_config_compile -effort 
Execute     get_config_compile -enable_clang39 
Execute     get_config_compile -g 
Execute     get_config_compile -lm 
Execute     get_config_compile -ng 
Execute     get_config_compile -opt_fp 
Execute     get_config_compile -skip_cdt 
Execute     get_config_compile -skip_syncheck 
Execute     get_config_compile -skip_transform 
Execute     get_config_compile -keep_printf 
Execute     elaborate -effort=medium -skip_syncheck=0 -keep_printf=0 -lm=0 -skip_cdt=0 -skip_transform=0 -ng=0 -g=0 -opt_fp=0 -from_csynth_design=1 
Execute       get_config_schedule -relax_ii_for_timing 
Execute       get_config_schedule -suppress_dependence_error_break 
INFO: [HLS 200-10] Analyzing design file 'phase2_bjets_hls/discr_array_exercise.cc' ... 
INFO-FLOW: Compiling one TU...
Execute       is_m_axi_addr64 
INFO-FLOW: Handling phase2_bjets_hls/discr_array_exercise.cc as C++
Execute       get_default_platform 
Execute       is_encrypted phase2_bjets_hls/discr_array_exercise.cc 
Execute       get_default_platform 
INFO-FLOW: Source preprocessing
Execute       clang  -fno-limit-debug-info -gcc-toolchain "/opt/Xilinx/Vivado/2018.2/lnx64/tools/gcc" -hls  -fno-exceptions  -D__llvm__  -E "phase2_bjets_hls/discr_array_exercise.cc"     -fno-math-errno -c -emit-llvm -O0  -mllvm -disable-llvm-optzns -fno-threadsafe-statics  -fno-use-cxa-atexit  -fno-threadsafe-statics -fno-use-cxa-atexit -D__CLANG_3_1__ -DAESL_SYN -D__SYNTHESIS__ -D__HLS_SYN__ -I "/opt/Xilinx/Vivado/2018.2/common/technology/autopilot" -I "/opt/Xilinx/Vivado/2018.2/common/technology/autopilot/ap_sysc" -include etc/autopilot_ssdm_op.h -D__DSP48E2__  -o "/home/skwan/vivado/phase2_bjets_hls/solution1/.autopilot/db/discr_array_exercise.pp.0.cc" 
INFO-FLOW: exec /opt/Xilinx/Vivado/2018.2/lnx64/tools/clang/bin/clang -fno-limit-debug-info -gcc-toolchain /opt/Xilinx/Vivado/2018.2/lnx64/tools/gcc -hls -fno-exceptions -D__llvm__ -E phase2_bjets_hls/discr_array_exercise.cc -fno-math-errno -c -emit-llvm -O0 -mllvm -disable-llvm-optzns -fno-threadsafe-statics -fno-use-cxa-atexit -fno-threadsafe-statics -fno-use-cxa-atexit -D__CLANG_3_1__ -DAESL_SYN -D__SYNTHESIS__ -D__HLS_SYN__ -I /opt/Xilinx/Vivado/2018.2/common/technology/autopilot -I /opt/Xilinx/Vivado/2018.2/common/technology/autopilot/ap_sysc -include etc/autopilot_ssdm_op.h -D__DSP48E2__ -o /home/skwan/vivado/phase2_bjets_hls/solution1/.autopilot/db/discr_array_exercise.pp.0.cc
Command       clang done; 2.31 sec.
INFO-FLOW: Syntax Checking before pre-processing...
Execute       clang  -fno-limit-debug-info -gcc-toolchain "/opt/Xilinx/Vivado/2018.2/lnx64/tools/gcc" -hls    -fno-math-errno -c -emit-llvm -O0  -mllvm -disable-llvm-optzns -fno-threadsafe-statics  -fno-use-cxa-atexit  -fno-threadsafe-statics -fno-use-cxa-atexit -D__CLANG_3_1__ -DAESL_SYN -D__SYNTHESIS__ -D__HLS_SYN__ -I "/opt/Xilinx/Vivado/2018.2/common/technology/autopilot" -I "/opt/Xilinx/Vivado/2018.2/common/technology/autopilot/ap_sysc" -include etc/autopilot_ssdm_op.h -D__DSP48E2__  "/home/skwan/vivado/phase2_bjets_hls/solution1/.autopilot/db/discr_array_exercise.pp.0.cc"  -o "/home/skwan/vivado/phase2_bjets_hls/solution1/.autopilot/db/useless.bc"  
INFO-FLOW: exec /opt/Xilinx/Vivado/2018.2/lnx64/tools/clang/bin/clang -fno-limit-debug-info -gcc-toolchain /opt/Xilinx/Vivado/2018.2/lnx64/tools/gcc -hls -fno-math-errno -c -emit-llvm -O0 -mllvm -disable-llvm-optzns -fno-threadsafe-statics -fno-use-cxa-atexit -fno-threadsafe-statics -fno-use-cxa-atexit -D__CLANG_3_1__ -DAESL_SYN -D__SYNTHESIS__ -D__HLS_SYN__ -I /opt/Xilinx/Vivado/2018.2/common/technology/autopilot -I /opt/Xilinx/Vivado/2018.2/common/technology/autopilot/ap_sysc -include etc/autopilot_ssdm_op.h -D__DSP48E2__ /home/skwan/vivado/phase2_bjets_hls/solution1/.autopilot/db/discr_array_exercise.pp.0.cc -o /home/skwan/vivado/phase2_bjets_hls/solution1/.autopilot/db/useless.bc
Command       clang done; 2.66 sec.
INFO-FLOW: GCC PP time: 4 seconds per iteration
Execute       list_core -type functional_unit 
Execute       tidy_31 xilinx-systemc-detector /home/skwan/vivado/phase2_bjets_hls/solution1/.autopilot/db/discr_array_exercise.pp.0.cc std=gnu++98 -directive=/home/skwan/vivado/phase2_bjets_hls/solution1/.autopilot/db/.systemc_flag 
INFO-FLOW: exec /opt/Xilinx/Vivado/2018.2/lnx64/tools/clang-3.9-csynth/bin/tidy-3.1 -header-filter=.* --checks=-*,xilinx-systemc-detector -import-directive=/home/skwan/vivado/phase2_bjets_hls/solution1/.autopilot/db/.systemc_flag -quiet -fix-errors /home/skwan/vivado/phase2_bjets_hls/solution1/.autopilot/db/discr_array_exercise.pp.0.cc -- -std=gnu++98 -fhls -ferror-limit=0
Command       tidy_31 done; 2.23 sec.
INFO-FLOW: CDT Preprocessing with tidy-3.1...
Execute       tidy_31 xilinx-directive2pragma /home/skwan/vivado/phase2_bjets_hls/solution1/.autopilot/db/discr_array_exercise.pp.0.cc std=gnu++98 -directive=/home/skwan/vivado/phase2_bjets_hls/solution1/solution1.json 
INFO-FLOW: exec /opt/Xilinx/Vivado/2018.2/lnx64/tools/clang-3.9-csynth/bin/tidy-3.1 -header-filter=.* --checks=-*,xilinx-directive2pragma -import-directive=/home/skwan/vivado/phase2_bjets_hls/solution1/solution1.json -quiet -fix-errors /home/skwan/vivado/phase2_bjets_hls/solution1/.autopilot/db/discr_array_exercise.pp.0.cc -- -std=gnu++98 -fhls -ferror-limit=0
Command       tidy_31 done; 1.3 sec.
Execute       get_config_dataflow -strict_mode 
Execute       ap_eval exec -ignorestderr /opt/Xilinx/Vivado/2018.2/lnx64/tools/clang-3.9-csynth/bin/xilinx-dataflow-lawyer -export-fixes=/home/skwan/vivado/phase2_bjets_hls/solution1/.autopilot/db/xilinx-dataflow-lawyer.discr_array_exercise.pp.0.cc.diag.yml /home/skwan/vivado/phase2_bjets_hls/solution1/.autopilot/db/discr_array_exercise.pp.0.cc -- -std=gnu++98 -fhls -ferror-limit=0 -fstrict-dataflow > /home/skwan/vivado/phase2_bjets_hls/solution1/.autopilot/db/xilinx-dataflow-lawyer.discr_array_exercise.pp.0.cc.out.log 2> /home/skwan/vivado/phase2_bjets_hls/solution1/.autopilot/db/xilinx-dataflow-lawyer.discr_array_exercise.pp.0.cc.err.log 
Command       ap_eval done; 1.05 sec.
Execute       tidy_31 -errorcheck xilinx-constantarray-param,xilinx-resource-pragma-transformer /home/skwan/vivado/phase2_bjets_hls/solution1/.autopilot/db/discr_array_exercise.pp.0.cc std=gnu++98 
INFO-FLOW: exec /opt/Xilinx/Vivado/2018.2/lnx64/tools/clang-3.9-csynth/bin/tidy-3.1 -header-filter=.* --checks=-*,xilinx-constantarray-param,xilinx-resource-pragma-transformer -quiet -fix-errors /home/skwan/vivado/phase2_bjets_hls/solution1/.autopilot/db/discr_array_exercise.pp.0.cc -- -std=gnu++98 -fhls -ferror-limit=0
INFO-FLOW: exec /opt/Xilinx/Vivado/2018.2/lnx64/tools/clang-3.9-csynth/bin/xilinx-legacy-rewriter /home/skwan/vivado/phase2_bjets_hls/solution1/.autopilot/db/discr_array_exercise.pp.0.cc -- -std=gnu++98 -fhls -ferror-limit=0
Command       tidy_31 done; 3.34 sec.
INFO-FLOW: tidy-3.1 time 5 seconds per iteration
INFO-FLOW: Pragma Handling...
Execute       tidy_31 xilinx-ssdm-intrinsics-arguments /home/skwan/vivado/phase2_bjets_hls/solution1/.autopilot/db/discr_array_exercise.pragma.1.cc std=gnu++98 
INFO-FLOW: exec /opt/Xilinx/Vivado/2018.2/lnx64/tools/clang-3.9-csynth/bin/tidy-3.1 -header-filter=.* --checks=-*,xilinx-ssdm-intrinsics-arguments -quiet -fix-errors /home/skwan/vivado/phase2_bjets_hls/solution1/.autopilot/db/discr_array_exercise.pragma.1.cc -- -std=gnu++98 -fhls -ferror-limit=0
Command       tidy_31 done; 2.17 sec.
INFO-FLOW: Source preprocessing
Execute       clang  -fno-limit-debug-info -gcc-toolchain "/opt/Xilinx/Vivado/2018.2/lnx64/tools/gcc" -hls  -fno-exceptions  -D__llvm__  -E "/home/skwan/vivado/phase2_bjets_hls/solution1/.autopilot/db/discr_array_exercise.pragma.1.cc"     -fno-math-errno -c -emit-llvm -O0  -mllvm -disable-llvm-optzns -fno-threadsafe-statics  -fno-use-cxa-atexit  -fno-threadsafe-statics -fno-use-cxa-atexit -D__CLANG_3_1__ -DAESL_SYN -D__SYNTHESIS__ -D__HLS_SYN__ -I "/opt/Xilinx/Vivado/2018.2/common/technology/autopilot" -I "/opt/Xilinx/Vivado/2018.2/common/technology/autopilot/ap_sysc" -include etc/autopilot_ssdm_op.h -D__DSP48E2__  -o "/home/skwan/vivado/phase2_bjets_hls/solution1/.autopilot/db/discr_array_exercise.pragma.2.cc" 
INFO-FLOW: exec /opt/Xilinx/Vivado/2018.2/lnx64/tools/clang/bin/clang -fno-limit-debug-info -gcc-toolchain /opt/Xilinx/Vivado/2018.2/lnx64/tools/gcc -hls -fno-exceptions -D__llvm__ -E /home/skwan/vivado/phase2_bjets_hls/solution1/.autopilot/db/discr_array_exercise.pragma.1.cc -fno-math-errno -c -emit-llvm -O0 -mllvm -disable-llvm-optzns -fno-threadsafe-statics -fno-use-cxa-atexit -fno-threadsafe-statics -fno-use-cxa-atexit -D__CLANG_3_1__ -DAESL_SYN -D__SYNTHESIS__ -D__HLS_SYN__ -I /opt/Xilinx/Vivado/2018.2/common/technology/autopilot -I /opt/Xilinx/Vivado/2018.2/common/technology/autopilot/ap_sysc -include etc/autopilot_ssdm_op.h -D__DSP48E2__ -o /home/skwan/vivado/phase2_bjets_hls/solution1/.autopilot/db/discr_array_exercise.pragma.2.cc
Command       clang done; 1.94 sec.
Execute       get_default_platform 
INFO-FLOW: Processing labels
Execute       clang -src /home/skwan/vivado/phase2_bjets_hls/solution1/.autopilot/db/discr_array_exercise.pragma.2.cc  -fno-limit-debug-info -gcc-toolchain /opt/Xilinx/Vivado/2018.2/lnx64/tools/gcc -hls -hls-analyze-label -hls-analyze-pragma -fno-exceptions  -D__llvm__  -w  "/home/skwan/vivado/phase2_bjets_hls/solution1/.autopilot/db/discr_array_exercise.pragma.2.cc"    -fno-math-errno -c -emit-llvm -O0  -mllvm -disable-llvm-optzns -fno-threadsafe-statics  -fno-use-cxa-atexit -DAESL_SYN -D__SYNTHESIS__ -D__HLS_SYN__ -I "/opt/Xilinx/Vivado/2018.2/common/technology/autopilot" -I "/opt/Xilinx/Vivado/2018.2/common/technology/autopilot/ap_sysc" -include etc/autopilot_ssdm_op.h -D__DSP48E2__ -g -o "/home/skwan/vivado/phase2_bjets_hls/solution1/.autopilot/db/discr_array_exercise.bc" 
INFO-FLOW: exec /opt/Xilinx/Vivado/2018.2/lnx64/tools/clang/bin/clang -fno-limit-debug-info -gcc-toolchain /opt/Xilinx/Vivado/2018.2/lnx64/tools/gcc -hls -hls-analyze-label -hls-analyze-pragma -fno-exceptions -D__llvm__ -w /home/skwan/vivado/phase2_bjets_hls/solution1/.autopilot/db/discr_array_exercise.pragma.2.cc -fno-math-errno -c -emit-llvm -O0 -mllvm -disable-llvm-optzns -fno-threadsafe-statics -fno-use-cxa-atexit -DAESL_SYN -D__SYNTHESIS__ -D__HLS_SYN__ -I /opt/Xilinx/Vivado/2018.2/common/technology/autopilot -I /opt/Xilinx/Vivado/2018.2/common/technology/autopilot/ap_sysc -include etc/autopilot_ssdm_op.h -D__DSP48E2__ -g -o /home/skwan/vivado/phase2_bjets_hls/solution1/.autopilot/db/discr_array_exercise.bc
Command       clang done; 2.76 sec.
INFO-FLOW: Linking Debug ...
Execute       llvm-ld /home/skwan/vivado/phase2_bjets_hls/solution1/.autopilot/db/discr_array_exercise.g.bc -hls-opt -except-internalize get_discriminant -L/opt/Xilinx/Vivado/2018.2/lnx64/lib -lhlsm -lhlsmc++ -o /home/skwan/vivado/phase2_bjets_hls/solution1/.autopilot/db/a.g 
Command       llvm-ld done; 1 sec.
INFO: [HLS 200-111] Finished Linking Time (s): cpu = 00:00:20 ; elapsed = 00:00:22 . Memory (MB): peak = 460.051 ; gain = 4.230 ; free physical = 15331 ; free virtual = 31222
INFO: [HLS 200-111] Finished Checking Pragmas Time (s): cpu = 00:00:20 ; elapsed = 00:00:22 . Memory (MB): peak = 460.051 ; gain = 4.230 ; free physical = 15331 ; free virtual = 31222
Execute       ::config_rtl 
Execute       opt_and_import_c a -opt_level=2 -skip_syncheck=0 -ng=0 -keep_printf=0 
Execute         cleanup_all_models 
INFO: [HLS 200-10] Starting code transformations ...
Execute         transform -promote-dbg-pointer /home/skwan/vivado/phase2_bjets_hls/solution1/.autopilot/db/a.pp.bc -o /home/skwan/vivado/phase2_bjets_hls/solution1/.autopilot/db/a.pp.0.bc -f 
Execute         llvm-ld /home/skwan/vivado/phase2_bjets_hls/solution1/.autopilot/db/a.pp.0.bc -disable-opt -L/opt/Xilinx/Vivado/2018.2/lnx64/lib -lfloatconversion -o /home/skwan/vivado/phase2_bjets_hls/solution1/.autopilot/db/a.g.0 
Command         llvm-ld done; 1 sec.
INFO-FLOW: Running Standard Transforms...
Execute         transform -hls -share-std-xform -demangle-name -inline-byval-memcpy -always-inline -promote-dbg-pointer -interface-preproc -scalarrepl -mem2reg -keep-read-access -instcombine -dce -promote-dbg-pointer -bitop-raise -loop-simplify -indvarspre -indvars -loop-simplify -xunroll -constprop -instcombine -simplifycfg -indvars -simplifycfg -dce -globaldce -basicaa -simplifycfg -mem2reg -globalopt -global-constprop -deadargelim -instcombine -simplifycfg -prune-eh -simplifycfg -scalarrepl -instcombine -reassociate -licm -simplifycfg -loop-simplify -indvars -instcombine -simplifycfg -mem2reg -loop-simplify -indvars -instcombine -gvn -gvn -instcombine -adce -break-crit-edges -simplifycfg -loop-delete -global-array-opt -dce -dse -adce -find-syn-modules -top get_discriminant -deadargelim -mem2reg -instcombine -dce -presyn-prepare -auto-rom-infer -interface-preproc -syn-check -check-rec-only -find-region -simplifycfg -func-extr -function-inline -globaldce -mem2reg -instcombine -dce -gvn -globaldce -adce -adse -constprop -instcombine -bit-constprop -instcombine -dce -simplifycfg -bitop-raise -simplifycfg -dce -loop-delete -reassociate -globalopt -global-privatize -mem2reg -dce -global-constprop -pointer-simplify -constprop -dce -func-inst -deadargelim -auto-shift-reg-idiom -promote-dbg-pointer -norm-name /home/skwan/vivado/phase2_bjets_hls/solution1/.autopilot/db/a.g.0.bc -o /home/skwan/vivado/phase2_bjets_hls/solution1/.autopilot/db/a.g.1.bc -f -phase std-opt 
INFO: [HLS 200-111] Finished Standard Transforms Time (s): cpu = 00:00:21 ; elapsed = 00:00:23 . Memory (MB): peak = 460.148 ; gain = 4.328 ; free physical = 15325 ; free virtual = 31217
INFO: [HLS 200-10] Checking synthesizability ...
INFO-FLOW: Checking Synthesizability 1/2..
Execute         transform -hls -syn-check -check-rec-only -disaggr -scalarrepl -norm-name -dce -mem2reg -instcombine -function-uniquify -directive-preproc -mem2reg -dse -dce -auto-rom-infer -dce -array-normalize -instcombine -dce -warn-fifo-pointer -array-seg-normalize -instcombine -dce -array-flatten -instcombine -dce -array-burst -dce -deadargelim -promote-global-argument -simplifycfg -mem2reg -globaldce -resolve-double-ptr -dce -deadargelim -dce -instcombine -function-inline -globaldce -dce -doublePtrSimplify -doublePtrElim -dce -doublePtrSimplify -promote-dbg-pointer -dce -scalarrepl -dse -adse -instcombine -ptrLegalization -simplifycfg -dce -instcombine -pointer-simplify -ptrArgReplace -dce -instcombine -disaggr -scalarrepl -norm-name -dce -mem2reg -instcombine -ptrLegalization -simplifycfg -deadargelim -instcombine -dce -inst-simplify -function-uniquify -directive-preproc -mem2reg -dse -dce -globaldce /home/skwan/vivado/phase2_bjets_hls/solution1/.autopilot/db/a.g.1.bc -o /home/skwan/vivado/phase2_bjets_hls/solution1/.autopilot/db/a.g.2.prechk.bc -f 
INFO-FLOW: Checking Synthesizability 2/2..
Execute         transform -syn-check /home/skwan/vivado/phase2_bjets_hls/solution1/.autopilot/db/a.g.2.prechk.bc -o /home/skwan/vivado/phase2_bjets_hls/solution1/.autopilot/db/a.g.2.bc -f -phase syn-check 
INFO: [HLS 200-111] Finished Checking Synthesizability Time (s): cpu = 00:00:21 ; elapsed = 00:00:23 . Memory (MB): peak = 460.148 ; gain = 4.328 ; free physical = 15321 ; free virtual = 31214
INFO-FLOW: Compiler optimizing ...
INFO-FLOW: Share syncheck's 1.bc for syn flow: copy /home/skwan/vivado/phase2_bjets_hls/solution1/.autopilot/db/a.g.1.bc to /home/skwan/vivado/phase2_bjets_hls/solution1/.autopilot/db/a.o.1.bc
INFO-FLOW: Presyn 1...
Execute         transform -hls -tmp /home/skwan/vivado/phase2_bjets_hls/solution1/.autopilot/db -interface-port-rename -type-info -function-uniquify -directive-preproc -mem2reg -dse -dce -disaggr -scalarrepl -norm-name -deadargelim -mem2reg -instcombine -dce -simplifycfg -auto-rom-infer -dce -function-uniquify -resource-proc -simplifycfg -mem2reg -globaldce -resolve-double-ptr -dce -deadargelim -dce -instcombine -clib-intrinsic-prepare -dce -func-buffer -dce -array-normalize -func-legal -instcombine -gvn -constprop -dce -ptrArgReplace -mem2reg -instcombine -dce -array-seg-normalize -deadargelim -instcombine -dce -pointer-simplify -dce -port-alignment -dce -interface-preproc -data-pack -instcombine -dce -basicaa -aggr-aa -aggrmodref-aa -aggr-aa -gvn -gvn -basicaa -aggr-aa -aggrmodref-aa -aggr-aa -dse -adse -adce -loop-simplify -indvars -instcombine -gvn -loop-simplify -mem2reg -dce -find-region -instcombine -auto-loop-pipeline -inst-simplify -interface-preproc -cfgopt -instcombine -indvars -auto-loop-unroll -loop-simplify -loop-bound -xunroll -constprop -instcombine -simplifycfg -indvars -simplifycfg -dce -globaldce -clean-region -attach-range -gvn -inst-simplify -constprop -simplifycfg -dce -pointer-simplify -dce -globalopt -constprop -dce -array-promote -constprop -instcombine -dce -ptrArgReplace -mem2reg -instcombine -simplifycfg -dce -auto-par -instcombine -dce -array-transform-check -array-reshape -instcombine -simplifycfg -dce -ptrArgReplace -deadargelim -mem2reg -instcombine -simplifycfg -dce -indvars -loop-simplify -loop-bound -xunroll -constprop -instcombine -simplifycfg -indvars -simplifycfg -dce -globaldce -duplicate-dataflow-processes -globaldce -instcombine -array-partition -instcombine -simplifycfg -dce -ptrArgReplace -global-constprop -deadargelim -mem2reg -func-legal -instcombine -dce -global-constprop -deadargelim -mem2reg -instcombine -simplifycfg -dce -merge-param -deadargelim -globalopt -constprop -dce -array-promote -constprop -instcombine -dce -ptrArgReplace -mem2reg -instcombine -simplifycfg -dce -mem-intrinsic-preproc -dce -global-internalize -global-privatize -mem2reg -globaldce -promote-global-argument -ptrArgReplace -mem2reg -instcombine -dce -globalopt -mergereturn -simplify-global-access -mem2reg -dce -pointer-simplify -dce -functionattrs -basicaa -aggr-aa -aggrmodref-aa -aggr-aa -gvn -gvn -basicaa -aggr-aa -aggrmodref-aa -aggr-aa -dse -adse -adce -inst-simplify -dce -norm-name -function-inline -globaldce -func-inst -constprop -instcombine -simplifycfg -dce -func-legal -dce -loop-bound -arraycheck -bitwidthmin -on-by-dataflow -loop-delete -instcombine -simplifycfg -globaldce -dce -gvn -deadargelim -dce -loop-simplify -clean-region -simplifycfg -propagate-stable-arguments -loop-stream -instcombine -simplifycfg -dce -globaldce -duplicate-dataflow-processes -stream-intrinsic-preproc -dce -check-ap-stream -loop-simplify -eliminate-keepreads -extract-dataflow-in-loop -loop-simplify -dce -gvn -deadargelim -dse -check-dataflow-syntax -legalize-stream-variable -legalize-global -extract-subproc -dce -dead-channel-elimination -canonicalize-gep -globaldce -dce -gvn -deadargelim -annotate-dataflow-channels -scalar-propagation -deadargelim -globaldce -mem2reg -check-dataflow-channels -function-stream -dce -globaldce -prop-fifo-spec -internal-stream-gen -canonicalize-gep -globaldce -dce -gvn -deadargelim -mergereturn -indvars -loop-simplify -instcombine -array-stream -array-seg-normalize -array-partition -func-legal -instcombine -simplifycfg -dce -bundle-memfifo-ops -deadargelim -function-uniquify -directive-preproc -mem2reg -dse -dce -group-axi-access -licm -simplifycfg -dce -loop-delete -norm-name /home/skwan/vivado/phase2_bjets_hls/solution1/.autopilot/db/a.o.1.bc -o /home/skwan/vivado/phase2_bjets_hls/solution1/.autopilot/db/a.o.1.tmp.bc -f 
INFO: [XFORM 203-101] Partitioning array 'dArray.V' (phase2_bjets_hls/discr_array_exercise.cc:5) in dimension 1 completely.
INFO: [XFORM 203-101] Partitioning array 'dArray.V' (phase2_bjets_hls/discr_array_exercise.cc:5) in dimension 2 completely.
Command         transform done; 337.2 sec.
INFO-FLOW: Presyn 2...
Execute         transform -hls -keep-callgraph -scalarrepl -mem2reg -port-alignment -attach-range -dce -pipe-mux-gen -indvars -loop-bound -inst-simplify -instcombine -dce -merge-array-access -mem2reg -dce -clean-region -mergereturn -if-conv -instcombine -dce -constprop -basicaa -aggr-aa -aggrmodref-aa -aggr-aa -gvn -gvn -basicaa -aggr-aa -aggrmodref-aa -aggr-aa -dse -adse -adce -scalarrepl -mem2reg -global-constprop -deadargelim -deadargelim -instcombine -dce -simplifycfg -ptrArgReplace -mem2reg -function-inline -globaldce -mem2reg -instcombine -dce -expr-balance -instcombine -dce -bitwidthmin -interface-preproc -directive-preproc -inst-rectify -instcombine -dce -functionattrs -constprop -instcombine -bit-constprop -simplify-global-access -globalopt -globaldce -inst-simplify -instcombine -elimdeaddata -dce -loop-delete -simplifycfg -loop-simplify -auto-burst -norm-name /home/skwan/vivado/phase2_bjets_hls/solution1/.autopilot/db/a.o.1.tmp.bc -o /home/skwan/vivado/phase2_bjets_hls/solution1/.autopilot/db/a.o.2.bc -f -phase presyn 
INFO: [XFORM 203-603] Inlining function 'aesl_mux_load.8192i1P.i14' into 'get_discriminant'.
Command         transform done; 841.71 sec.
INFO: [HLS 200-111] Finished Pre-synthesis Time (s): cpu = 00:19:48 ; elapsed = 00:20:02 . Memory (MB): peak = 15553.035 ; gain = 15097.215 ; free physical = 218 ; free virtual = 16122
INFO-FLOW: Building ssdm...
Execute         transform -hls -function-uniquify -auto-function-inline -globaldce -ptrArgReplace -mem2reg -instcombine -dce -reset-lda -loop-simplify -indvars -licm -loop-dep -loop-bound -licm -loop-simplify -flattenloopnest -array-flatten -gvn -instcombine -dce -array-map -dce -func-legal -gvn -adce -instcombine -cfgopt -simplifycfg -loop-simplify -array-burst -promote-global-argument -dce -axi4-lower -array-seg-normalize -basicaa -aggrmodref-aa -globalsmodref-aa -aggr-aa -gvn -gvn -basicaa -aggrmodref-aa -globalsmodref-aa -aggr-aa -dse -adse -adce -licm -inst-simplify -dce -globaldce -instcombine -array-stream -eliminate-keepreads -instcombine -dce -deadargelim -doublePtrSimplify -doublePtrElim -dce -doublePtrSimplify -promote-dbg-pointer -dce -scalarrepl -mem2reg -disaggr -norm-name -mem2reg -instcombine -dse -adse -adce -ptrLegalization -dce -auto-rom-infer -array-flatten -dce -instcombine -check-doubleptr -loop-rot -constprop -cfgopt -simplifycfg -loop-simplify -indvars -pointer-simplify -dce -loop-bound -loop-simplify -loop-preproc -constprop -global-constprop -gvn -mem2reg -instcombine -dce -loop-bound -loop-merge -dce -bitwidthmin -deadargelim -dce -canonicalize-dataflow -dce -scalar-propagation -deadargelim -globaldce -mem2reg -read-loop-dep -interface-preproc -directive-preproc -interface-gen -bram-byte-enable -deadargelim -inst-simplify -dce -gvn -mem2reg -instcombine -dce -adse -loop-bound -instcombine -cfgopt -simplifycfg -loop-simplify -clean-region -io-protocol -find-region -mem2reg -bitop-raise -inst-simplify -inst-rectify -instcombine -adce -deadargelim -loop-simplify -phi-opt -bitop-raise -cfgopt -simplifycfg -strip-dead-prototypes -interface-lower -bitop-lower -intrinsic-lower -auto-function-inline -basicaa -aggrmodref-aa -globalsmodref-aa -aggr-aa -inst-simplify -simplifycfg -loop-simplify -mergereturn -inst-simplify -inst-rectify -dce -load-elim -bitop-lower -loop-rewind -pointer-simplify -dce -cfgopt -dce -bitwidth -loop-dep -read-loop-dep -dce -check-stream -norm-name -legalize -validate-dataflow -dead-allocation-elimination -cdfg-build /home/skwan/vivado/phase2_bjets_hls/solution1/.autopilot/db/a.o.2.bc -o /home/skwan/vivado/phase2_bjets_hls/solution1/.autopilot/db/a.o.3.bc -f -phase build-ssdm 
Command         transform done; 28.52 sec.
INFO: [HLS 200-111] Finished Architecture Synthesis Time (s): cpu = 00:20:15 ; elapsed = 00:20:31 . Memory (MB): peak = 15553.238 ; gain = 15097.418 ; free physical = 14557 ; free virtual = 30460
INFO-FLOW: Finish building internal data model.
Command       opt_and_import_c done; 1208.63 sec.
Command     elaborate done; 1229.93 sec.
Execute     autosyn -from_csynth_design=1 
INFO: [HLS 200-10] Starting hardware synthesis ...
INFO-FLOW: Synthesizing C/C++ design ...
INFO: [HLS 200-10] Synthesizing 'get_discriminant' ...
Execute       ap_set_top_model get_discriminant 
Execute       get_model_list get_discriminant -filter all-wo-channel -topdown 
Execute       preproc_iomode -model get_discriminant 
Execute       get_model_list get_discriminant -filter all-wo-channel 
INFO-FLOW: Model list for configure: get_discriminant
INFO-FLOW: Configuring Module : get_discriminant ...
Execute       set_default_model get_discriminant 
Execute       apply_spec_resource_limit get_discriminant 
INFO-FLOW: Model list for preprocess: get_discriminant
INFO-FLOW: Preprocessing Module: get_discriminant ...
Execute       set_default_model get_discriminant 
Execute       cdfg_preprocess -model get_discriminant 
Execute       rtl_gen_preprocess get_discriminant 
INFO-FLOW: Model list for synthesis: get_discriminant
INFO: [HLS 200-10] ----------------------------------------------------------------
INFO: [HLS 200-42] -- Implementing module 'get_discriminant' 
INFO: [HLS 200-10] ----------------------------------------------------------------
Execute       set_default_model get_discriminant 
Execute       schedule -model get_discriminant 
INFO: [SCHED 204-11] Starting scheduling ...
INFO: [SCHED 204-11] Finished scheduling.
INFO: [HLS 200-111]  Elapsed time: 1230.8 seconds; current allocated memory: 88.048 MB.
Execute       report -o /home/skwan/vivado/phase2_bjets_hls/solution1/.autopilot/db/get_discriminant.verbose.sched.rpt -verbose -f 
Execute       db_write -o /home/skwan/vivado/phase2_bjets_hls/solution1/.autopilot/db/get_discriminant.sched.adb -f 
INFO-FLOW: Finish scheduling get_discriminant.
Execute       set_default_model get_discriminant 
Execute       bind -model get_discriminant 
BIND OPTION: fu_weight=[ 0.0 -- 1.0 ]
BIND OPTION: model=get_discriminant
BIND OPTION: reg_weight=[ 0.0 -- 1.0 ]
INFO: [BIND 205-100] Starting micro-architecture generation ...
INFO: [BIND 205-101] Performing variable lifetime analysis.
INFO: [BIND 205-101] Exploring resource sharing.
INFO: [BIND 205-101] Binding ...
INFO: [BIND 205-100] Finished micro-architecture generation.
INFO: [HLS 200-111]  Elapsed time: 0.02 seconds; current allocated memory: 88.086 MB.
Execute       report -o /home/skwan/vivado/phase2_bjets_hls/solution1/.autopilot/db/get_discriminant.verbose.bind.rpt -verbose -f 
Execute       db_write -o /home/skwan/vivado/phase2_bjets_hls/solution1/.autopilot/db/get_discriminant.bind.adb -f 
INFO-FLOW: Finish binding get_discriminant.
Execute       get_model_list get_discriminant -filter all-wo-channel 
INFO-FLOW: Preprocessing for RTLGen ...
Execute       rtl_gen_preprocess get_discriminant 
INFO-FLOW: Model list for RTL generation: get_discriminant
INFO: [HLS 200-10] ----------------------------------------------------------------
INFO: [HLS 200-10] -- Generating RTL for module 'get_discriminant' 
INFO: [HLS 200-10] ----------------------------------------------------------------
Execute       get_config_rtl -prefix 
Execute       get_config_rtl -auto_prefix 
Execute       create_rtl_model get_discriminant -vendor xilinx -mg_file /home/skwan/vivado/phase2_bjets_hls/solution1/.autopilot/db/get_discriminant.compgen.tcl 
INFO: [RTGEN 206-500] Setting interface mode on port 'get_discriminant/jet_tk13DIP_V' to 'ap_none'.
INFO: [RTGEN 206-500] Setting interface mode on port 'get_discriminant/jet_muPt_V' to 'ap_none'.
INFO: [RTGEN 206-500] Setting interface mode on port 'get_discriminant/jet_d_V' to 'ap_vld'.
INFO: [RTGEN 206-500] Setting interface mode on function 'get_discriminant' to 'ap_ctrl_hs'.
WARNING: [RTGEN 206-101] Port 'get_discriminant/jet_tk13DIP_V' has no fanin or fanout and is left dangling.
               Please use C simulation to confirm this function argument can be read from or written to.
WARNING: [RTGEN 206-101] Port 'get_discriminant/jet_muPt_V' has no fanin or fanout and is left dangling.
               Please use C simulation to confirm this function argument can be read from or written to.
INFO: [RTGEN 206-100] Finished creating RTL model for 'get_discriminant'.
INFO: [HLS 200-111]  Elapsed time: 0.04 seconds; current allocated memory: 88.273 MB.
Execute       source /home/skwan/vivado/phase2_bjets_hls/solution1/.autopilot/db/get_discriminant.rtl_wrap.cfg.tcl 
Execute       gen_rtl get_discriminant -istop -style xilinx -tracefl mytrace -tracefmt vcd -traceopt all -f -lang sc -o /home/skwan/vivado/phase2_bjets_hls/solution1/syn/systemc/get_discriminant -synmodules get_discriminant 
Execute       gen_rtl get_discriminant -istop -style xilinx -f -lang vhdl -o /home/skwan/vivado/phase2_bjets_hls/solution1/syn/vhdl/get_discriminant 
Execute       gen_rtl get_discriminant -istop -style xilinx -f -lang vlog -o /home/skwan/vivado/phase2_bjets_hls/solution1/syn/verilog/get_discriminant 
Execute       export_constraint_db -o /home/skwan/vivado/phase2_bjets_hls/solution1/.autopilot/db/get_discriminant.constraint.tcl -f -tool general 
Execute       report -model get_discriminant -o /home/skwan/vivado/phase2_bjets_hls/solution1/.autopilot/db/get_discriminant.design.xml -verbose -f -dv 
Execute       report -model get_discriminant -o /home/skwan/vivado/phase2_bjets_hls/solution1/.autopilot/db/get_discriminant.sdaccel.xml -verbose -f -sdaccel 
Execute       gen_tb_info get_discriminant -o /home/skwan/vivado/phase2_bjets_hls/solution1/.autopilot/db/get_discriminant -p /home/skwan/vivado/phase2_bjets_hls/solution1/.autopilot/db 
Execute       report -model get_discriminant -o /home/skwan/vivado/phase2_bjets_hls/solution1/syn/report/get_discriminant_csynth.rpt -f 
Execute       report -model get_discriminant -o /home/skwan/vivado/phase2_bjets_hls/solution1/syn/report/get_discriminant_csynth.xml -f -x 
Execute       report -model get_discriminant -o /home/skwan/vivado/phase2_bjets_hls/solution1/.autopilot/db/get_discriminant.verbose.rpt -verbose -f 
Execute       db_write -model get_discriminant -o /home/skwan/vivado/phase2_bjets_hls/solution1/.autopilot/db/get_discriminant.adb -f 
Execute       sc_get_clocks get_discriminant 
Execute       sc_get_portdomain get_discriminant 
INFO-FLOW: Model list for RTL component generation: get_discriminant
INFO-FLOW: Handling components in module [get_discriminant] ... 
Execute       source /home/skwan/vivado/phase2_bjets_hls/solution1/.autopilot/db/get_discriminant.compgen.tcl 
INFO-FLOW: Append model get_discriminant
INFO-FLOW: Generating RTL model list ...
INFO-FLOW: All models in this session: get_discriminant
INFO-FLOW: To file: write model get_discriminant
INFO-FLOW: Finished generating RTL model list.


INFO-FLOW: RTL Generation done.
INFO-FLOW: CAS Generation done.
INFO-FLOW: CBC Generation done.
Execute       get_config_sdx -target 
Execute       source /home/skwan/vivado/phase2_bjets_hls/solution1/.autopilot/db/global.setting.tcl 
Execute       source /opt/Xilinx/Vivado/2018.2/common/technology/generic/autopilot/common.gen 
Execute         source /opt/Xilinx/Vivado/2018.2/common/technology/generic/autopilot/APCoreGen.gen 
Execute       source /opt/Xilinx/Vivado/2018.2/common/technology/generic/autopilot/op.gen 
Execute       source /opt/Xilinx/Vivado/2018.2/common/technology/generic/autopilot/op_simcore.gen 
Execute       source /opt/Xilinx/Vivado/2018.2/common/technology/generic/autopilot/interface.gen 
Execute       source /home/skwan/vivado/phase2_bjets_hls/solution1/.autopilot/db/global.setting.tcl 
Execute       source /opt/Xilinx/Vivado/2018.2/common/technology/xilinx/virtexuplus/virtexuplus.gen 
Execute         source /opt/Xilinx/Vivado/2018.2/common/technology/xilinx/common/virtex.gen 
Execute           source /opt/Xilinx/Vivado/2018.2/common/technology/xilinx/common/xilinx.gen 
Execute             source /opt/Xilinx/Vivado/2018.2/common/technology/xilinx/interface/plb46.gen 
Execute             source /opt/Xilinx/Vivado/2018.2/common/technology/xilinx/interface/fsl.gen 
Execute             source /opt/Xilinx/Vivado/2018.2/common/technology/xilinx/interface/axi4.gen 
Execute             source /opt/Xilinx/Vivado/2018.2/common/technology/xilinx/interface/nativeAXI4.gen 
Execute               source /opt/Xilinx/Vivado/2018.2/common/technology/xilinx/interface/saxilite.gen 
Execute               source /opt/Xilinx/Vivado/2018.2/common/technology/xilinx/interface/maxi.gen 
Execute             source /opt/Xilinx/Vivado/2018.2/common/technology/xilinx/scripts/xilinxcoregen.gen 
Execute             source /opt/Xilinx/Vivado/2018.2/common/technology/xilinx/interface/XilEDKCoreGen.gen 
Execute             source /opt/Xilinx/Vivado/2018.2/common/technology/xilinx/ip/dds_compiler.gen 
Execute             source /opt/Xilinx/Vivado/2018.2/common/technology/xilinx/ip/util.gen 
Execute             source /opt/Xilinx/Vivado/2018.2/common/technology/xilinx/ip/xfft.gen 
Command             ap_source done; 0.13 sec.
Execute             source /opt/Xilinx/Vivado/2018.2/common/technology/xilinx/ip/xfir.gen 
Command           ap_source done; 0.19 sec.
Execute           source /opt/Xilinx/Vivado/2018.2/common/technology/xilinx/common/dsp48.gen 
Command         ap_source done; 0.2 sec.
Command       ap_source done; 0.2 sec.
Execute       source /opt/Xilinx/Vivado/2018.2/common/technology/xilinx/virtexuplus/virtexuplus_fpv7.gen 
Execute         source /opt/Xilinx/Vivado/2018.2/common/technology/xilinx/common/xilinx_fpv6.gen 
Execute       source /home/skwan/vivado/phase2_bjets_hls/solution1/.autopilot/db/global.setting.tcl 
Execute       source /home/skwan/vivado/phase2_bjets_hls/solution1/.autopilot/db/global.setting.tcl 
Execute       source /home/skwan/vivado/phase2_bjets_hls/solution1/.autopilot/db/global.setting.tcl 
Execute       source /home/skwan/vivado/phase2_bjets_hls/solution1/.autopilot/db/get_discriminant.compgen.tcl 
Execute       get_config_sdx -target 
Execute       source /home/skwan/vivado/phase2_bjets_hls/solution1/.autopilot/db/global.setting.tcl 
Execute       source /opt/Xilinx/Vivado/2018.2/common/technology/generic/autopilot/common.gen 
Execute         source /opt/Xilinx/Vivado/2018.2/common/technology/generic/autopilot/APCoreGen.gen 
Execute       source /opt/Xilinx/Vivado/2018.2/common/technology/generic/autopilot/op.gen 
Execute       source /opt/Xilinx/Vivado/2018.2/common/technology/generic/autopilot/op_simcore.gen 
Execute       source /opt/Xilinx/Vivado/2018.2/common/technology/generic/autopilot/interface.gen 
Execute       source /home/skwan/vivado/phase2_bjets_hls/solution1/.autopilot/db/global.setting.tcl 
Execute       source /opt/Xilinx/Vivado/2018.2/common/technology/xilinx/virtexuplus/virtexuplus.gen 
Execute         source /opt/Xilinx/Vivado/2018.2/common/technology/xilinx/common/virtex.gen 
Execute           source /opt/Xilinx/Vivado/2018.2/common/technology/xilinx/common/xilinx.gen 
Execute             source /opt/Xilinx/Vivado/2018.2/common/technology/xilinx/interface/plb46.gen 
Execute             source /opt/Xilinx/Vivado/2018.2/common/technology/xilinx/interface/fsl.gen 
Execute             source /opt/Xilinx/Vivado/2018.2/common/technology/xilinx/interface/axi4.gen 
Execute             source /opt/Xilinx/Vivado/2018.2/common/technology/xilinx/interface/nativeAXI4.gen 
Execute               source /opt/Xilinx/Vivado/2018.2/common/technology/xilinx/interface/saxilite.gen 
Execute               source /opt/Xilinx/Vivado/2018.2/common/technology/xilinx/interface/maxi.gen 
Execute             source /opt/Xilinx/Vivado/2018.2/common/technology/xilinx/scripts/xilinxcoregen.gen 
Execute             source /opt/Xilinx/Vivado/2018.2/common/technology/xilinx/interface/XilEDKCoreGen.gen 
Execute             source /opt/Xilinx/Vivado/2018.2/common/technology/xilinx/ip/dds_compiler.gen 
Execute             source /opt/Xilinx/Vivado/2018.2/common/technology/xilinx/ip/util.gen 
Execute             source /opt/Xilinx/Vivado/2018.2/common/technology/xilinx/ip/xfft.gen 
Execute             source /opt/Xilinx/Vivado/2018.2/common/technology/xilinx/ip/xfir.gen 
Command           ap_source done; 0.14 sec.
Execute           source /opt/Xilinx/Vivado/2018.2/common/technology/xilinx/common/dsp48.gen 
Command         ap_source done; 0.14 sec.
Command       ap_source done; 0.14 sec.
Execute       source /opt/Xilinx/Vivado/2018.2/common/technology/xilinx/virtexuplus/virtexuplus_fpv7.gen 
Execute         source /opt/Xilinx/Vivado/2018.2/common/technology/xilinx/common/xilinx_fpv6.gen 
Execute       source /home/skwan/vivado/phase2_bjets_hls/solution1/.autopilot/db/get_discriminant.rtl_wrap.cfg.tcl 
Execute       source /home/skwan/vivado/phase2_bjets_hls/solution1/.autopilot/db/get_discriminant.rtl_wrap.cfg.tcl 
Execute       source /home/skwan/vivado/phase2_bjets_hls/solution1/.autopilot/db/get_discriminant.rtl_wrap.cfg.tcl 
Execute       source /home/skwan/vivado/phase2_bjets_hls/solution1/.autopilot/db/get_discriminant.tbgen.tcl 
Execute       source /home/skwan/vivado/phase2_bjets_hls/solution1/.autopilot/db/get_discriminant.tbgen.tcl 
Execute       source /home/skwan/vivado/phase2_bjets_hls/solution1/.autopilot/db/global.setting.tcl 
Execute       source /home/skwan/vivado/phase2_bjets_hls/solution1/.autopilot/db/get_discriminant.compgen.tcl 
Execute       source /home/skwan/vivado/phase2_bjets_hls/solution1/.autopilot/db/global.setting.tcl 
Execute       source /home/skwan/vivado/phase2_bjets_hls/solution1/.autopilot/db/get_discriminant.compgen.tcl 
Execute       source /home/skwan/vivado/phase2_bjets_hls/solution1/.autopilot/db/global.setting.tcl 
Execute       source /home/skwan/vivado/phase2_bjets_hls/solution1/.autopilot/db/get_discriminant.compgen.tcl 
Execute       source /home/skwan/vivado/phase2_bjets_hls/solution1/.autopilot/db/global.setting.tcl 
Execute       source /home/skwan/vivado/phase2_bjets_hls/solution1/.autopilot/db/get_discriminant.constraint.tcl 
Execute       source /home/skwan/vivado/phase2_bjets_hls/solution1/.autopilot/db/global.setting.tcl 
Execute       source /home/skwan/vivado/phase2_bjets_hls/solution1/.autopilot/db/global.setting.tcl 
Execute       source /home/skwan/vivado/phase2_bjets_hls/solution1/.autopilot/db/global.setting.tcl 
Execute       source /home/skwan/vivado/phase2_bjets_hls/solution1/.autopilot/db/get_discriminant.tbgen.tcl 
Execute       source /home/skwan/vivado/phase2_bjets_hls/solution1/.autopilot/db/get_discriminant.tbgen.tcl 
Execute       source /home/skwan/vivado/phase2_bjets_hls/solution1/.autopilot/db/global.setting.tcl 
Execute       source /home/skwan/vivado/phase2_bjets_hls/solution1/.autopilot/db/get_discriminant.constraint.tcl 
Execute       source /home/skwan/vivado/phase2_bjets_hls/solution1/.autopilot/db/global.setting.tcl 
Execute       get_config_sdx -target 
Execute       get_config_sdx -profile 
Execute       ::config_rtl 
INFO: [HLS 200-111] Finished generating all RTL models Time (s): cpu = 00:20:16 ; elapsed = 00:20:31 . Memory (MB): peak = 15553.238 ; gain = 15097.418 ; free physical = 14550 ; free virtual = 30454
INFO: [SYSC 207-301] Generating SystemC RTL for get_discriminant.
INFO: [VHDL 208-304] Generating VHDL RTL for get_discriminant.
INFO: [VLOG 209-307] Generating Verilog RTL for get_discriminant.
Command     autosyn done; 0.69 sec.
Command   csynth_design done; 1230.62 sec.
Command ap_source done; 1231.11 sec.
Execute cleanup_all 
